<?xml version="1.0" encoding="UTF-8"?>
<!-- Generated by org.testng.reporters.JUnitReportReporter -->
<testsuite hostname="LAPTOP-0K9D30A2" failures="0" tests="3" name="com.crm.qa.testcases.HomePageTest" time="86.458" errors="0" timestamp="2023-03-12T04:17:52 IST" skipped="0">
  <testcase classname="com.crm.qa.testcases.HomePageTest" name="verifyHomePageTitleTest" time="26.387"/>
  <system-out/>
  <testcase classname="com.crm.qa.testcases.HomePageTest" name="verifyUserNameTest" time="29.307"/>
  <system-out/>
  <testcase classname="com.crm.qa.testcases.HomePageTest" name="verifyContactsLinkTest" time="30.764"/>
  <system-out/>
</testsuite> <!-- com.crm.qa.testcases.HomePageTest -->
